14:23:09 **** Incremental Build of configuration Debug for project SplitVideo&Reconstruct ****
make all 
Building file: ../sources/main.cpp
Invoking: Cross G++ Compiler
g++ -I/home/diego/softwares/opencv-3.3/build-all-modules/include -I/home/diego/softwares/eigen3.3 -O0 -g3 -Wall -c -fmessage-length=0 -MMD -MP -MF"sources/main.d" -MT"sources/main.o" -o "sources/main.o" "../sources/main.cpp"
../sources/main.cpp: In function ‘int main(int, char**)’:
../sources/main.cpp:107:6: warning: unused variable ‘readframes_code’ [-Wunused-variable]
  int readframes_code = readFramesSave(argv[1], atoi(argv[2]), pos);
      ^
Finished building: ../sources/main.cpp
 
Building target: SplitVideo&Reconstruct
Invoking: Cross G++ Linker
g++ -L/home/diego/softwares/opencv-3.3/build-all-modules/lib -o "SplitVideo&Reconstruct"  ./sources/main.o   -lopencv_core -lopencv_viz -lopencv_sfm -lopencv_imgproc -lopencv_highgui -lopencv_imgcodecs -lopencv_videoio -lopencv_xfeatures2d -lopencv_features2d
Finished building target: SplitVideo&Reconstruct
 
14:25:03 **** Incremental Build of configuration Debug for project SplitVideo&Reconstruct ****
make all 
Building file: ../sources/main.cpp
Invoking: Cross G++ Compiler
g++ -I/home/diego/softwares/opencv-3.3/build-all-modules/include -I/home/diego/softwares/eigen3.3 -O0 -g3 -Wall -c -fmessage-length=0 -MMD -MP -MF"sources/main.d" -MT"sources/main.o" -o "sources/main.o" "../sources/main.cpp"
../sources/main.cpp: In function ‘int main(int, char**)’:
../sources/main.cpp:108:6: warning: unused variable ‘readframes_code’ [-Wunused-variable]
  int readframes_code = readFramesSave(argv[1], atoi(argv[2]), pos);
      ^
Finished building: ../sources/main.cpp
 
Building target: SplitVideo&Reconstruct
Invoking: Cross G++ Linker
g++ -L/home/diego/softwares/opencv-3.3/build-all-modules/lib -o "SplitVideo&Reconstruct"  ./sources/main.o   -lopencv_core -lopencv_viz -lopencv_sfm -lopencv_imgproc -lopencv_highgui -lopencv_imgcodecs -lopencv_videoio -lopencv_xfeatures2d -lopencv_features2d
Finished building target: SplitVideo&Reconstruct
 
14:25:20 **** Incremental Build of configuration Debug for project SplitVideo&Reconstruct ****
make all 
Building file: ../sources/main.cpp
Invoking: Cross G++ Compiler
g++ -I/home/diego/softwares/opencv-3.3/build-all-modules/include -I/home/diego/softwares/eigen3.3 -O0 -g3 -Wall -c -fmessage-length=0 -MMD -MP -MF"sources/main.d" -MT"sources/main.o" -o "sources/main.o" "../sources/main.cpp"
../sources/main.cpp: In function ‘int main(int, char**)’:
../sources/main.cpp:108:6: warning: unused variable ‘readframes_code’ [-Wunused-variable]
  int readframes_code = readFramesSave(argv[1], atoi(argv[2]), pos);
      ^
Finished building: ../sources/main.cpp
 
Building target: SplitVideo&Reconstruct
Invoking: Cross G++ Linker
g++ -L/home/diego/softwares/opencv-3.3/build-all-modules/lib -o "SplitVideo&Reconstruct"  ./sources/main.o   -lopencv_core -lopencv_viz -lopencv_sfm -lopencv_imgproc -lopencv_highgui -lopencv_imgcodecs -lopencv_videoio -lopencv_xfeatures2d -lopencv_features2d
Finished building target: SplitVideo&Reconstruct
 
14:25:42 **** Incremental Build of configuration Debug for project SplitVideo&Reconstruct ****
make all 
Building file: ../sources/main.cpp
Invoking: Cross G++ Compiler
g++ -I/home/diego/softwares/opencv-3.3/build-all-modules/include -I/home/diego/softwares/eigen3.3 -O0 -g3 -Wall -c -fmessage-length=0 -MMD -MP -MF"sources/main.d" -MT"sources/main.o" -o "sources/main.o" "../sources/main.cpp"
../sources/main.cpp: In function ‘int main(int, char**)’:
../sources/main.cpp:108:6: warning: unused variable ‘readframes_code’ [-Wunused-variable]
  int readframes_code = readFramesSave(argv[1], atoi(argv[2]), pos);
      ^
Finished building: ../sources/main.cpp
 
Building target: SplitVideo&Reconstruct
Invoking: Cross G++ Linker
g++ -L/home/diego/softwares/opencv-3.3/build-all-modules/lib -o "SplitVideo&Reconstruct"  ./sources/main.o   -lopencv_core -lopencv_viz -lopencv_sfm -lopencv_imgproc -lopencv_highgui -lopencv_imgcodecs -lopencv_videoio -lopencv_xfeatures2d -lopencv_features2d
Finished building target: SplitVideo&Reconstruct
 
14:26:30 **** Incremental Build of configuration Debug for project SplitVideo&Reconstruct ****
make all 
Building file: ../sources/main.cpp
Invoking: Cross G++ Compiler
g++ -I/home/diego/softwares/opencv-3.3/build-all-modules/include -I/home/diego/softwares/eigen3.3 -O0 -g3 -Wall -c -fmessage-length=0 -MMD -MP -MF"sources/main.d" -MT"sources/main.o" -o "sources/main.o" "../sources/main.cpp"
../sources/main.cpp: In function ‘int main(int, char**)’:
../sources/main.cpp:108:6: warning: unused variable ‘readframes_code’ [-Wunused-variable]
  int readframes_code = readFramesSave(argv[1], atoi(argv[2]), pos);
      ^
Finished building: ../sources/main.cpp
 
Building target: SplitVideo&Reconstruct
Invoking: Cross G++ Linker
g++ -L/home/diego/softwares/opencv-3.3/build-all-modules/lib -o "SplitVideo&Reconstruct"  ./sources/main.o   -lopencv_core -lopencv_viz -lopencv_sfm -lopencv_imgproc -lopencv_highgui -lopencv_imgcodecs -lopencv_videoio -lopencv_xfeatures2d -lopencv_features2d
Finished building target: SplitVideo&Reconstruct
 
14:27:23 **** Incremental Build of configuration Debug for project SplitVideo&Reconstruct ****
make all 
Building file: ../sources/main.cpp
Invoking: Cross G++ Compiler
g++ -I/home/diego/softwares/opencv-3.3/build-all-modules/include -I/home/diego/softwares/eigen3.3 -O0 -g3 -Wall -c -fmessage-length=0 -MMD -MP -MF"sources/main.d" -MT"sources/main.o" -o "sources/main.o" "../sources/main.cpp"
../sources/main.cpp: In function ‘int main(int, char**)’:
../sources/main.cpp:107:6: warning: unused variable ‘readframes_code’ [-Wunused-variable]
  int readframes_code = readFramesSave(argv[1], atoi(argv[2]), pos);
      ^
Finished building: ../sources/main.cpp
 
Building target: SplitVideo&Reconstruct
Invoking: Cross G++ Linker
g++ -L/home/diego/softwares/opencv-3.3/build-all-modules/lib -o "SplitVideo&Reconstruct"  ./sources/main.o   -lopencv_core -lopencv_viz -lopencv_sfm -lopencv_imgproc -lopencv_highgui -lopencv_imgcodecs -lopencv_videoio -lopencv_xfeatures2d -lopencv_features2d
Finished building target: SplitVideo&Reconstruct
 
14:28:14 **** Incremental Build of configuration Debug for project SplitVideo&Reconstruct ****
make all 
Building file: ../sources/main.cpp
Invoking: Cross G++ Compiler
g++ -I/home/diego/softwares/opencv-3.3/build-all-modules/include -I/home/diego/softwares/eigen3.3 -O0 -g3 -Wall -c -fmessage-length=0 -MMD -MP -MF"sources/main.d" -MT"sources/main.o" -o "sources/main.o" "../sources/main.cpp"
../sources/main.cpp: In function ‘int main(int, char**)’:
../sources/main.cpp:106:7: error: no match for ‘operator<<’ (operand types are ‘std::ostream {aka std::basic_ostream<char>}’ and ‘std::vector<unsigned int>’)
  cout << pos << endl;
       ^
In file included from /usr/include/c++/5/istream:39:0,
                 from /usr/include/c++/5/sstream:38,
                 from /usr/include/c++/5/complex:45,
                 from /home/diego/softwares/opencv-3.3/build-all-modules/include/opencv2/core/cvstd.inl.hpp:47,
                 from /home/diego/softwares/opencv-3.3/build-all-modules/include/opencv2/core.hpp:3223,
                 from /home/diego/softwares/opencv-3.3/build-all-modules/include/opencv2/opencv.hpp:52,
                 from ../sources/main.cpp:10:
/usr/include/c++/5/ostream:108:7: note: candidate: std::basic_ostream<_CharT, _Traits>::__ostream_type& std::basic_ostream<_CharT, _Traits>::operator<<(std::basic_ostream<_CharT, _Traits>::__ostream_type& (*)(std::basic_ostream<_CharT, _Traits>::__ostream_type&)) [with _CharT = char; _Traits = std::char_traits<char>; std::basic_ostream<_CharT, _Traits>::__ostream_type = std::basic_ostream<char>]
       operator<<(__ostream_type& (*__pf)(__ostream_type&))
       ^
/usr/include/c++/5/ostream:108:7: note:   no known conversion for argument 1 from ‘std::vector<unsigned int>’ to ‘std::basic_ostream<char>::__ostream_type& (*)(std::basic_ostream<char>::__ostream_type&) {aka std::basic_ostream<char>& (*)(std::basic_ostream<char>&)}’
/usr/include/c++/5/ostream:117:7: note: candidate: std::basic_ostream<_CharT, _Traits>::__ostream_type& std::basic_ostream<_CharT, _Traits>::operator<<(std::basic_ostream<_CharT, _Traits>::__ios_type& (*)(std::basic_ostream<_CharT, _Traits>::__ios_type&)) [with _CharT = char; _Traits = std::char_traits<char>; std::basic_ostream<_CharT, _Traits>::__ostream_type = std::basic_ostream<char>; std::basic_ostream<_CharT, _Traits>::__ios_type = std::basic_ios<char>]
       operator<<(__ios_type& (*__pf)(__ios_type&))
       ^
/usr/include/c++/5/ostream:117:7: note:   no known conversion for argument 1 from ‘std::vector<unsigned int>’ to ‘std::basic_ostream<char>::__ios_type& (*)(std::basic_ostream<char>::__ios_type&) {aka std::basic_ios<char>& (*)(std::basic_ios<char>&)}’
/usr/include/c++/5/ostream:127:7: note: candidate: std::basic_ostream<_CharT, _Traits>::__ostream_type& std::basic_ostream<_CharT, _Traits>::operator<<(std::ios_base& (*)(std::ios_base&)) [with _CharT = char; _Traits = std::char_traits<char>; std::basic_ostream<_CharT, _Traits>::__ostream_type = std::basic_ostream<char>]
       operator<<(ios_base& (*__pf) (ios_base&))
       ^
/usr/include/c++/5/ostream:127:7: note:   no known conversion for argument 1 from ‘std::vector<unsigned int>’ to ‘std::ios_base& (*)(std::ios_base&)’
/usr/include/c++/5/ostream:166:7: note: candidate: std::basic_ostream<_CharT, _Traits>::__ostream_type& std::basic_ostream<_CharT, _Traits>::operator<<(long int) [with _CharT = char; _Traits = std::char_traits<char>; std::basic_ostream<_CharT, _Traits>::__ostream_type = std::basic_ostream<char>]
       operator<<(long __n)
       ^
/usr/include/c++/5/ostream:166:7: note:   no known conversion for argument 1 from ‘std::vector<unsigned int>’ to ‘long int’
/usr/include/c++/5/ostream:170:7: note: candidate: std::basic_ostream<_CharT, _Traits>::__ostream_type& std::basic_ostream<_CharT, _Traits>::operator<<(long unsigned int) [with _CharT = char; _Traits = std::char_traits<char>; std::basic_ostream<_CharT, _Traits>::__ostream_type = std::basic_ostream<char>]
       operator<<(unsigned long __n)
       ^
/usr/include/c++/5/ostream:170:7: note:   no known conversion for argument 1 from ‘std::vector<unsigned int>’ to ‘long unsigned int’
/usr/include/c++/5/ostream:174:7: note: candidate: std::basic_ostream<_CharT, _Traits>::__ostream_type& std::basic_ostream<_CharT, _Traits>::operator<<(bool) [with _CharT = char; _Traits = std::char_traits<char>; std::basic_ostream<_CharT, _Traits>::__ostream_type = std::basic_ostream<char>]
       operator<<(bool __n)
       ^
/usr/include/c++/5/ostream:174:7: note:   no known conversion for argument 1 from ‘std::vector<unsigned int>’ to ‘bool’
In file included from /usr/include/c++/5/ostream:638:0,
                 from /usr/include/c++/5/istream:39,
                 from /usr/include/c++/5/sstream:38,
                 from /usr/include/c++/5/complex:45,
                 from /home/diego/softwares/opencv-3.3/build-all-modules/include/opencv2/core/cvstd.inl.hpp:47,
                 from /home/diego/softwares/opencv-3.3/build-all-modules/include/opencv2/core.hpp:3223,
                 from /home/diego/softwares/opencv-3.3/build-all-modules/include/opencv2/opencv.hpp:52,
                 from ../sources/main.cpp:10:
/usr/include/c++/5/bits/ostream.tcc:91:5: note: candidate: std::basic_ostream<_CharT, _Traits>& std::basic_ostream<_CharT, _Traits>::operator<<(short int) [with _CharT = char; _Traits = std::char_traits<char>]
     basic_ostream<_CharT, _Traits>::
     ^
/usr/include/c++/5/bits/ostream.tcc:91:5: note:   no known conversion for argument 1 from ‘std::vector<unsigned int>’ to ‘short int’
In file included from /usr/include/c++/5/istream:39:0,
                 from /usr/include/c++/5/sstream:38,
                 from /usr/include/c++/5/complex:45,
                 from /home/diego/softwares/opencv-3.3/build-all-modules/include/opencv2/core/cvstd.inl.hpp:47,
                 from /home/diego/softwares/opencv-3.3/build-all-modules/include/opencv2/core.hpp:3223,
                 from /home/diego/softwares/opencv-3.3/build-all-modules/include/opencv2/opencv.hpp:52,
                 from ../sources/main.cpp:10:
/usr/include/c++/5/ostream:181:7: note: candidate: std::basic_ostream<_CharT, _Traits>::__ostream_type& std::basic_ostream<_CharT, _Traits>::operator<<(short unsigned int) [with _CharT = char; _Traits = std::char_traits<char>; std::basic_ostream<_CharT, _Traits>::__ostream_type = std::basic_ostream<char>]
       operator<<(unsigned short __n)
       ^
/usr/include/c++/5/ostream:181:7: note:   no known conversion for argument 1 from ‘std::vector<unsigned int>’ to ‘short unsigned int’
In file included from /usr/include/c++/5/ostream:638:0,
                 from /usr/include/c++/5/istream:39,
                 from /usr/include/c++/5/sstream:38,
                 from /usr/include/c++/5/complex:45,
                 from /home/diego/softwares/opencv-3.3/build-all-modules/include/opencv2/core/cvstd.inl.hpp:47,
                 from /home/diego/softwares/opencv-3.3/build-all-modules/include/opencv2/core.hpp:3223,
                 from /home/diego/softwares/opencv-3.3/build-all-modules/include/opencv2/opencv.hpp:52,
                 from ../sources/main.cpp:10:
/usr/include/c++/5/bits/ostream.tcc:105:5: note: candidate: std::basic_ostream<_CharT, _Traits>& std::basic_ostream<_CharT, _Traits>::operator<<(int) [with _CharT = char; _Traits = std::char_traits<char>]
     basic_ostream<_CharT, _Traits>::
     ^
/usr/include/c++/5/bits/ostream.tcc:105:5: note:   no known conversion for argument 1 from ‘std::vector<unsigned int>’ to ‘int’
In file included from /usr/include/c++/5/istream:39:0,
                 from /usr/include/c++/5/sstream:38,
                 from /usr/include/c++/5/complex:45,
                 from /home/diego/softwares/opencv-3.3/build-all-modules/include/opencv2/core/cvstd.inl.hpp:47,
                 from /home/diego/softwares/opencv-3.3/build-all-modules/include/opencv2/core.hpp:3223,
                 from /home/diego/softwares/opencv-3.3/build-all-modules/include/opencv2/opencv.hpp:52,
                 from ../sources/main.cpp:10:
/usr/include/c++/5/ostream:192:7: note: candidate: std::basic_ostream<_CharT, _Traits>::__ostream_type& std::basic_ostream<_CharT, _Traits>::operator<<(unsigned int) [with _CharT = char; _Traits = std::char_traits<char>; std::basic_ostream<_CharT, _Traits>::__ostream_type = std::basic_ostream<char>]
       operator<<(unsigned int __n)
       ^
/usr/include/c++/5/ostream:192:7: note:   no known conversion for argument 1 from ‘std::vector<unsigned int>’ to ‘unsigned int’
/usr/include/c++/5/ostream:201:7: note: candidate: std::basic_ostream<_CharT, _Traits>::__ostream_type& std::basic_ostream<_CharT, _Traits>::operator<<(long long int) [with _CharT = char; _Traits = std::char_traits<char>; std::basic_ostream<_CharT, _Traits>::__ostream_type = std::basic_ostream<char>]
       operator<<(long long __n)
       ^
/usr/include/c++/5/ostream:201:7: note:   no known conversion for argument 1 from ‘std::vector<unsigned int>’ to ‘long long int’
/usr/include/c++/5/ostream:205:7: note: candidate: std::basic_ostream<_CharT, _Traits>::__ostream_type& std::basic_ostream<_CharT, _Traits>::operator<<(long long unsigned int) [with _CharT = char; _Traits = std::char_traits<char>; std::basic_ostream<_CharT, _Traits>::__ostream_type = std::basic_ostream<char>]
       operator<<(unsigned long long __n)
       ^
/usr/include/c++/5/ostream:205:7: note:   no known conversion for argument 1 from ‘std::vector<unsigned int>’ to ‘long long unsigned int’
/usr/include/c++/5/ostream:220:7: note: candidate: std::basic_ostream<_CharT, _Traits>::__ostream_type& std::basic_ostream<_CharT, _Traits>::operator<<(double) [with _CharT = char; _Traits = std::char_traits<char>; std::basic_ostream<_CharT, _Traits>::__ostream_type = std::basic_ostream<char>]
       operator<<(double __f)
       ^
/usr/include/c++/5/ostream:220:7: note:   no known conversion for argument 1 from ‘std::vector<unsigned int>’ to ‘double’
/usr/include/c++/5/ostream:224:7: note: candidate: std::basic_ostream<_CharT, _Traits>::__ostream_type& std::basic_ostream<_CharT, _Traits>::operator<<(float) [with _CharT = char; _Traits = std::char_traits<char>; std::basic_ostream<_CharT, _Traits>::__ostream_type = std::basic_ostream<char>]
       operator<<(float __f)
       ^
/usr/include/c++/5/ostream:224:7: note:   no known conversion for argument 1 from ‘std::vector<unsigned int>’ to ‘float’
/usr/include/c++/5/ostream:232:7: note: candidate: std::basic_ostream<_CharT, _Traits>::__ostream_type& std::basic_ostream<_CharT, _Traits>::operator<<(long double) [with _CharT = char; _Traits = std::char_traits<char>; std::basic_ostream<_CharT, _Traits>::__ostream_type = std::basic_ostream<char>]
       operator<<(long double __f)
       ^
/usr/include/c++/5/ostream:232:7: note:   no known conversion for argument 1 from ‘std::vector<unsigned int>’ to ‘long double’
/usr/include/c++/5/ostream:245:7: note: candidate: std::basic_ostream<_CharT, _Traits>::__ostream_type& std::basic_ostream<_CharT, _Traits>::operator<<(const void*) [with _CharT = char; _Traits = std::char_traits<char>; std::basic_ostream<_CharT, _Traits>::__ostream_type = std::basic_ostream<char>]
       operator<<(const void* __p)
       ^
/usr/include/c++/5/ostream:245:7: note:   no known conversion for argument 1 from ‘std::vector<unsigned int>’ to ‘const void*’
In file included from /usr/include/c++/5/ostream:638:0,
                 from /usr/include/c++/5/istream:39,
                 from /usr/include/c++/5/sstream:38,
                 from /usr/include/c++/5/complex:45,
                 from /home/diego/softwares/opencv-3.3/build-all-modules/include/opencv2/core/cvstd.inl.hpp:47,
                 from /home/diego/softwares/opencv-3.3/build-all-modules/include/opencv2/core.hpp:3223,
                 from /home/diego/softwares/opencv-3.3/build-all-modules/include/opencv2/opencv.hpp:52,
                 from ../sources/main.cpp:10:
/usr/include/c++/5/bits/ostream.tcc:119:5: note: candidate: std::basic_ostream<_CharT, _Traits>& std::basic_ostream<_CharT, _Traits>::operator<<(std::basic_ostream<_CharT, _Traits>::__streambuf_type*) [with _CharT = char; _Traits = std::char_traits<char>; std::basic_ostream<_CharT, _Traits>::__streambuf_type = std::basic_streambuf<char>]
     basic_ostream<_CharT, _Traits>::
     ^
/usr/include/c++/5/bits/ostream.tcc:119:5: note:   no known conversion for argument 1 from ‘std::vector<unsigned int>’ to ‘std::basic_ostream<char>::__streambuf_type* {aka std::basic_streambuf<char>*}’
In file included from /home/diego/softwares/opencv-3.3/build-all-modules/include/opencv2/core.hpp:57:0,
                 from /home/diego/softwares/opencv-3.3/build-all-modules/include/opencv2/opencv.hpp:52,
                 from ../sources/main.cpp:10:
/home/diego/softwares/opencv-3.3/build-all-modules/include/opencv2/core/matx.hpp:913:33: note: candidate: template<class _Tp, class _T2, int m, int n> cv::MatxCommaInitializer<_Tp, m, n> cv::operator<<(const cv::Matx<_Tp, m, n>&, _T2)
 MatxCommaInitializer<_Tp, m, n> operator << (const Matx<_Tp, m, n>& mtx, _T2 val)
                                 ^
/home/diego/softwares/opencv-3.3/build-all-modules/include/opencv2/core/matx.hpp:913:33: note:   template argument deduction/substitution failed:
../sources/main.cpp:106:10: note:   ‘std::ostream {aka std::basic_ostream<char>}’ is not derived from ‘const cv::Matx<_Tp, m, n>’
  cout << pos << endl;
          ^
In file included from /home/diego/softwares/opencv-3.3/build-all-modules/include/opencv2/core.hpp:57:0,
                 from /home/diego/softwares/opencv-3.3/build-all-modules/include/opencv2/opencv.hpp:52,
                 from ../sources/main.cpp:10:
/home/diego/softwares/opencv-3.3/build-all-modules/include/opencv2/core/matx.hpp:1128:30: note: candidate: template<class _Tp, class _T2, int cn> cv::VecCommaInitializer<_Tp, cn> cv::operator<<(const cv::Vec<_Tp, n>&, _T2)
 VecCommaInitializer<_Tp, cn> operator << (const Vec<_Tp, cn>& vec, _T2 val)
                              ^
/home/diego/softwares/opencv-3.3/build-all-modules/include/opencv2/core/matx.hpp:1128:30: note:   template argument deduction/substitution failed:
../sources/main.cpp:106:10: note:   ‘std::ostream {aka std::basic_ostream<char>}’ is not derived from ‘const cv::Vec<_Tp, n>’
  cout << pos << endl;
          ^
In file included from /home/diego/softwares/opencv-3.3/build-all-modules/include/opencv2/core/mat.hpp:3628:0,
                 from /home/diego/softwares/opencv-3.3/build-all-modules/include/opencv2/core.hpp:59,
                 from /home/diego/softwares/opencv-3.3/build-all-modules/include/opencv2/opencv.hpp:52,
                 from ../sources/main.cpp:10:
/home/diego/softwares/opencv-3.3/build-all-modules/include/opencv2/core/mat.inl.hpp:3247:27: note: candidate: template<class _Tp, class T2> cv::MatCommaInitializer_<_Tp> cv::operator<<(const cv::Mat_<_Tp>&, T2)
 MatCommaInitializer_<_Tp> operator << (const Mat_<_Tp>& m, T2 val)
                           ^
/home/diego/softwares/opencv-3.3/build-all-modules/include/opencv2/core/mat.inl.hpp:3247:27: note:   template argument deduction/substitution failed:
../sources/main.cpp:106:10: note:   ‘std::ostream {aka std::basic_ostream<char>}’ is not derived from ‘const cv::Mat_<_Tp>’
  cout << pos << endl;
          ^
In file included from /home/diego/softwares/opencv-3.3/build-all-modules/include/opencv2/core.hpp:60:0,
                 from /home/diego/softwares/opencv-3.3/build-all-modules/include/opencv2/opencv.hpp:52,
                 from ../sources/main.cpp:10:
/home/diego/softwares/opencv-3.3/build-all-modules/include/opencv2/core/persistence.hpp:783:25: note: candidate: cv::FileStorage& cv::operator<<(cv::FileStorage&, const cv::String&)
 CV_EXPORTS FileStorage& operator << (FileStorage& fs, const String& str);
                         ^
/home/diego/softwares/opencv-3.3/build-all-modules/include/opencv2/core/persistence.hpp:783:25: note:   no known conversion for argument 1 from ‘std::ostream {aka std::basic_ostream<char>}’ to ‘cv::FileStorage&’
/home/diego/softwares/opencv-3.3/build-all-modules/include/opencv2/core/persistence.hpp:1184:14: note: candidate: template<class _Tp> cv::FileStorage& cv::operator<<(cv::FileStorage&, const _Tp&)
 FileStorage& operator << (FileStorage& fs, const _Tp& value)
              ^
/home/diego/softwares/opencv-3.3/build-all-modules/include/opencv2/core/persistence.hpp:1184:14: note:   template argument deduction/substitution failed:
../sources/main.cpp:106:10: note:   cannot convert ‘std::cout’ (type ‘std::ostream {aka std::basic_ostream<char>}’) to type ‘cv::FileStorage&’
  cout << pos << endl;
          ^
In file included from /home/diego/softwares/opencv-3.3/build-all-modules/include/opencv2/core.hpp:60:0,
                 from /home/diego/softwares/opencv-3.3/build-all-modules/include/opencv2/opencv.hpp:52,
                 from ../sources/main.cpp:10:
/home/diego/softwares/opencv-3.3/build-all-modules/include/opencv2/core/persistence.hpp:1199:14: note: candidate: cv::FileStorage& cv::operator<<(cv::FileStorage&, const char*)
 FileStorage& operator << (FileStorage& fs, const char* str)
              ^
/home/diego/softwares/opencv-3.3/build-all-modules/include/opencv2/core/persistence.hpp:1199:14: note:   no known conversion for argument 1 from ‘std::ostream {aka std::basic_ostream<char>}’ to ‘cv::FileStorage&’
/home/diego/softwares/opencv-3.3/build-all-modules/include/opencv2/core/persistence.hpp:1207:14: note: candidate: cv::FileStorage& cv::operator<<(cv::FileStorage&, char*)
 FileStorage& operator << (FileStorage& fs, char* value)
              ^
/home/diego/softwares/opencv-3.3/build-all-modules/include/opencv2/core/persistence.hpp:1207:14: note:   no known conversion for argument 1 from ‘std::ostream {aka std::basic_ostream<char>}’ to ‘cv::FileStorage&’
In file included from /home/diego/softwares/opencv-3.3/build-all-modules/include/opencv2/opencv.hpp:52:0,
                 from ../sources/main.cpp:10:
/home/diego/softwares/opencv-3.3/build-all-modules/include/opencv2/core.hpp:2975:9: note: candidate: cv::String& cv::operator<<(cv::String&, cv::Ptr<cv::Formatted>)
 String& operator << (String& out, Ptr<Formatted> fmtd)
         ^
/home/diego/softwares/opencv-3.3/build-all-modules/include/opencv2/core.hpp:2975:9: note:   no known conversion for argument 1 from ‘std::ostream {aka std::basic_ostream<char>}’ to ‘cv::String&’
/home/diego/softwares/opencv-3.3/build-all-modules/include/opencv2/core.hpp:2984:9: note: candidate: cv::String& cv::operator<<(cv::String&, const cv::Mat&)
 String& operator << (String& out, const Mat& mtx)
         ^
/home/diego/softwares/opencv-3.3/build-all-modules/include/opencv2/core.hpp:2984:9: note:   no known conversion for argument 1 from ‘std::ostream {aka std::basic_ostream<char>}’ to ‘cv::String&’
In file included from /home/diego/softwares/opencv-3.3/build-all-modules/include/opencv2/core.hpp:3223:0,
                 from /home/diego/softwares/opencv-3.3/build-all-modules/include/opencv2/opencv.hpp:52,
                 from ../sources/main.cpp:10:
/home/diego/softwares/opencv-3.3/build-all-modules/include/opencv2/core/cvstd.inl.hpp:166:15: note: candidate: std::ostream& cv::operator<<(std::ostream&, const cv::String&)
 std::ostream& operator << (std::ostream& os, const String& str)
               ^
/home/diego/softwares/opencv-3.3/build-all-modules/include/opencv2/core/cvstd.inl.hpp:166:15: note:   no known conversion for argument 2 from ‘std::vector<unsigned int>’ to ‘const cv::String&’
/home/diego/softwares/opencv-3.3/build-all-modules/include/opencv2/core/cvstd.inl.hpp:172:15: note: candidate: std::ostream& cv::operator<<(std::ostream&, cv::Ptr<cv::Formatted>)
 std::ostream& operator << (std::ostream& out, Ptr<Formatted> fmtd)
               ^
/home/diego/softwares/opencv-3.3/build-all-modules/include/opencv2/core/cvstd.inl.hpp:172:15: note:   no known conversion for argument 2 from ‘std::vector<unsigned int>’ to ‘cv::Ptr<cv::Formatted>’
/home/diego/softwares/opencv-3.3/build-all-modules/include/opencv2/core/cvstd.inl.hpp:181:15: note: candidate: std::ostream& cv::operator<<(std::ostream&, const cv::Mat&)
 std::ostream& operator << (std::ostream& out, const Mat& mtx)
               ^
/home/diego/softwares/opencv-3.3/build-all-modules/include/opencv2/core/cvstd.inl.hpp:181:15: note:   no known conversion for argument 2 from ‘std::vector<unsigned int>’ to ‘const cv::Mat&’
/home/diego/softwares/opencv-3.3/build-all-modules/include/opencv2/core/cvstd.inl.hpp:187:15: note: candidate: std::ostream& cv::operator<<(std::ostream&, const cv::UMat&)
 std::ostream& operator << (std::ostream& out, const UMat& m)
               ^
/home/diego/softwares/opencv-3.3/build-all-modules/include/opencv2/core/cvstd.inl.hpp:187:15: note:   no known conversion for argument 2 from ‘std::vector<unsigned int>’ to ‘const cv::UMat&’
/home/diego/softwares/opencv-3.3/build-all-modules/include/opencv2/core/cvstd.inl.hpp:193:15: note: candidate: template<class _Tp> std::ostream& cv::operator<<(std::ostream&, const cv::Complex<_Tp>&)
 std::ostream& operator << (std::ostream& out, const Complex<_Tp>& c)
               ^
/home/diego/softwares/opencv-3.3/build-all-modules/include/opencv2/core/cvstd.inl.hpp:193:15: note:   template argument deduction/substitution failed:
../sources/main.cpp:106:10: note:   ‘std::vector<unsigned int>’ is not derived from ‘const cv::Complex<_Tp>’
  cout << pos << endl;
          ^
In file included from /home/diego/softwares/opencv-3.3/build-all-modules/include/opencv2/core.hpp:3223:0,
                 from /home/diego/softwares/opencv-3.3/build-all-modules/include/opencv2/opencv.hpp:52,
                 from ../sources/main.cpp:10:
/home/diego/softwares/opencv-3.3/build-all-modules/include/opencv2/core/cvstd.inl.hpp:199:15: note: candidate: template<class _Tp> std::ostream& cv::operator<<(std::ostream&, const std::vector<cv::Point_<_Tp> >&)
 std::ostream& operator << (std::ostream& out, const std::vector<Point_<_Tp> >& vec)
               ^
/home/diego/softwares/opencv-3.3/build-all-modules/include/opencv2/core/cvstd.inl.hpp:199:15: note:   template argument deduction/substitution failed:
../sources/main.cpp:106:10: note:   mismatched types ‘cv::Point_<_Tp>’ and ‘unsigned int’
  cout << pos << endl;
          ^
../sources/main.cpp:106:10: note:   ‘std::vector<unsigned int>’ is not derived from ‘const std::vector<cv::Point_<_Tp> >’
In file included from /home/diego/softwares/opencv-3.3/build-all-modules/include/opencv2/core.hpp:3223:0,
                 from /home/diego/softwares/opencv-3.3/build-all-modules/include/opencv2/opencv.hpp:52,
                 from ../sources/main.cpp:10:
/home/diego/softwares/opencv-3.3/build-all-modules/include/opencv2/core/cvstd.inl.hpp:206:15: note: candidate: template<class _Tp> std::ostream& cv::operator<<(std::ostream&, const std::vector<cv::Point3_<_Tp> >&)
 std::ostream& operator << (std::ostream& out, const std::vector<Point3_<_Tp> >& vec)
               ^
/home/diego/softwares/opencv-3.3/build-all-modules/include/opencv2/core/cvstd.inl.hpp:206:15: note:   template argument deduction/substitution failed:
../sources/main.cpp:106:10: note:   mismatched types ‘cv::Point3_<_Tp>’ and ‘unsigned int’
  cout << pos << endl;
          ^
../sources/main.cpp:106:10: note:   ‘std::vector<unsigned int>’ is not derived from ‘const std::vector<cv::Point3_<_Tp> >’
In file included from /home/diego/softwares/opencv-3.3/build-all-modules/include/opencv2/core.hpp:3223:0,
                 from /home/diego/softwares/opencv-3.3/build-all-modules/include/opencv2/opencv.hpp:52,
                 from ../sources/main.cpp:10:
/home/diego/softwares/opencv-3.3/build-all-modules/include/opencv2/core/cvstd.inl.hpp:213:15: note: candidate: template<class _Tp, int m, int n> std::ostream& cv::operator<<(std::ostream&, const cv::Matx<_Tp, m, n>&)
 std::ostream& operator << (std::ostream& out, const Matx<_Tp, m, n>& matx)
               ^
/home/diego/softwares/opencv-3.3/build-all-modules/include/opencv2/core/cvstd.inl.hpp:213:15: note:   template argument deduction/substitution failed:
../sources/main.cpp:106:10: note:   ‘std::vector<unsigned int>’ is not derived from ‘const cv::Matx<_Tp, m, n>’
  cout << pos << endl;
          ^
In file included from /home/diego/softwares/opencv-3.3/build-all-modules/include/opencv2/core.hpp:3223:0,
                 from /home/diego/softwares/opencv-3.3/build-all-modules/include/opencv2/opencv.hpp:52,
                 from ../sources/main.cpp:10:
/home/diego/softwares/opencv-3.3/build-all-modules/include/opencv2/core/cvstd.inl.hpp:219:15: note: candidate: template<class _Tp> std::ostream& cv::operator<<(std::ostream&, const cv::Point_<_Tp>&)
 std::ostream& operator << (std::ostream& out, const Point_<_Tp>& p)
               ^
/home/diego/softwares/opencv-3.3/build-all-modules/include/opencv2/core/cvstd.inl.hpp:219:15: note:   template argument deduction/substitution failed:
../sources/main.cpp:106:10: note:   ‘std::vector<unsigned int>’ is not derived from ‘const cv::Point_<_Tp>’
  cout << pos << endl;
          ^
In file included from /home/diego/softwares/opencv-3.3/build-all-modules/include/opencv2/core.hpp:3223:0,
                 from /home/diego/softwares/opencv-3.3/build-all-modules/include/opencv2/opencv.hpp:52,
                 from ../sources/main.cpp:10:
/home/diego/softwares/opencv-3.3/build-all-modules/include/opencv2/core/cvstd.inl.hpp:226:15: note: candidate: template<class _Tp> std::ostream& cv::operator<<(std::ostream&, const cv::Point3_<_Tp>&)
 std::ostream& operator << (std::ostream& out, const Point3_<_Tp>& p)
               ^
/home/diego/softwares/opencv-3.3/build-all-modules/include/opencv2/core/cvstd.inl.hpp:226:15: note:   template argument deduction/substitution failed:
../sources/main.cpp:106:10: note:   ‘std::vector<unsigned int>’ is not derived from ‘const cv::Point3_<_Tp>’
  cout << pos << endl;
          ^
In file included from /home/diego/softwares/opencv-3.3/build-all-modules/include/opencv2/core.hpp:3223:0,
                 from /home/diego/softwares/opencv-3.3/build-all-modules/include/opencv2/opencv.hpp:52,
                 from ../sources/main.cpp:10:
/home/diego/softwares/opencv-3.3/build-all-modules/include/opencv2/core/cvstd.inl.hpp:233:15: note: candidate: template<class _Tp, int n> std::ostream& cv::operator<<(std::ostream&, const cv::Vec<_Tp, m>&)
 std::ostream& operator << (std::ostream& out, const Vec<_Tp, n>& vec)
               ^
/home/diego/softwares/opencv-3.3/build-all-modules/include/opencv2/core/cvstd.inl.hpp:233:15: note:   template argument deduction/substitution failed:
../sources/main.cpp:106:10: note:   ‘std::vector<unsigned int>’ is not derived from ‘const cv::Vec<_Tp, m>’
  cout << pos << endl;
          ^
In file included from /home/diego/softwares/opencv-3.3/build-all-modules/include/opencv2/core.hpp:3223:0,
                 from /home/diego/softwares/opencv-3.3/build-all-modules/include/opencv2/opencv.hpp:52,
                 from ../sources/main.cpp:10:
/home/diego/softwares/opencv-3.3/build-all-modules/include/opencv2/core/cvstd.inl.hpp:255:15: note: candidate: template<class _Tp> std::ostream& cv::operator<<(std::ostream&, const cv::Size_<_Tp>&)
 std::ostream& operator << (std::ostream& out, const Size_<_Tp>& size)
               ^
/home/diego/softwares/opencv-3.3/build-all-modules/include/opencv2/core/cvstd.inl.hpp:255:15: note:   template argument deduction/substitution failed:
../sources/main.cpp:106:10: note:   ‘std::vector<unsigned int>’ is not derived from ‘const cv::Size_<_Tp>’
  cout << pos << endl;
          ^
In file included from /home/diego/softwares/opencv-3.3/build-all-modules/include/opencv2/core.hpp:3223:0,
                 from /home/diego/softwares/opencv-3.3/build-all-modules/include/opencv2/opencv.hpp:52,
                 from ../sources/main.cpp:10:
/home/diego/softwares/opencv-3.3/build-all-modules/include/opencv2/core/cvstd.inl.hpp:261:15: note: candidate: template<class _Tp> std::ostream& cv::operator<<(std::ostream&, const cv::Rect_<_Tp>&)
 std::ostream& operator << (std::ostream& out, const Rect_<_Tp>& rect)
               ^
/home/diego/softwares/opencv-3.3/build-all-modules/include/opencv2/core/cvstd.inl.hpp:261:15: note:   template argument deduction/substitution failed:
../sources/main.cpp:106:10: note:   ‘std::vector<unsigned int>’ is not derived from ‘const cv::Rect_<_Tp>’
  cout << pos << endl;
          ^
In file included from /home/diego/softwares/opencv-3.3/build-all-modules/include/opencv2/core.hpp:3223:0,
                 from /home/diego/softwares/opencv-3.3/build-all-modules/include/opencv2/opencv.hpp:52,
                 from ../sources/main.cpp:10:
/home/diego/softwares/opencv-3.3/build-all-modules/include/opencv2/core/cvstd.inl.hpp:266:29: note: candidate: std::ostream& cv::operator<<(std::ostream&, const cv::MatSize&)
 static inline std::ostream& operator << (std::ostream& out, const MatSize& msize)
                             ^
/home/diego/softwares/opencv-3.3/build-all-modules/include/opencv2/core/cvstd.inl.hpp:266:29: note:   no known conversion for argument 2 from ‘std::vector<unsigned int>’ to ‘const cv::MatSize&’
In file included from /home/diego/softwares/opencv-3.3/build-all-modules/include/opencv2/core.hpp:3224:0,
                 from /home/diego/softwares/opencv-3.3/build-all-modules/include/opencv2/opencv.hpp:52,
                 from ../sources/main.cpp:10:
/home/diego/softwares/opencv-3.3/build-all-modules/include/opencv2/core/utility.hpp:388:15: note: candidate: std::ostream& cv::operator<<(std::ostream&, const cv::TickMeter&)
 std::ostream& operator << (std::ostream& out, const TickMeter& tm)
               ^
/home/diego/softwares/opencv-3.3/build-all-modules/include/opencv2/core/utility.hpp:388:15: note:   no known conversion for argument 2 from ‘std::vector<unsigned int>’ to ‘const cv::TickMeter&’
In file included from /home/diego/softwares/opencv-3.3/build-all-modules/include/opencv2/flann/lsh_table.h:40:0,
                 from /home/diego/softwares/opencv-3.3/build-all-modules/include/opencv2/flann/lsh_index.h:49,
                 from /home/diego/softwares/opencv-3.3/build-all-modules/include/opencv2/flann/all_indices.h:42,
                 from /home/diego/softwares/opencv-3.3/build-all-modules/include/opencv2/flann/flann_base.hpp:43,
                 from /home/diego/softwares/opencv-3.3/build-all-modules/include/opencv2/flann.hpp:48,
                 from /home/diego/softwares/opencv-3.3/build-all-modules/include/opencv2/opencv.hpp:62,
                 from ../sources/main.cpp:10:
/usr/include/c++/5/iomanip:238:5: note: candidate: template<class _CharT, class _Traits> std::basic_ostream<_CharT, _Traits>& std::operator<<(std::basic_ostream<_CharT, _Traits>&, std::_Setw)
     operator<<(basic_ostream<_CharT, _Traits>& __os, _Setw __f)
     ^
/usr/include/c++/5/iomanip:238:5: note:   template argument deduction/substitution failed:
../sources/main.cpp:106:10: note:   cannot convert ‘pos’ (type ‘std::vector<unsigned int>’) to type ‘std::_Setw’
  cout << pos << endl;
          ^
In file included from /home/diego/softwares/opencv-3.3/build-all-modules/include/opencv2/flann/lsh_table.h:40:0,
                 from /home/diego/softwares/opencv-3.3/build-all-modules/include/opencv2/flann/lsh_index.h:49,
                 from /home/diego/softwares/opencv-3.3/build-all-modules/include/opencv2/flann/all_indices.h:42,
                 from /home/diego/softwares/opencv-3.3/build-all-modules/include/opencv2/flann/flann_base.hpp:43,
                 from /home/diego/softwares/opencv-3.3/build-all-modules/include/opencv2/flann.hpp:48,
                 from /home/diego/softwares/opencv-3.3/build-all-modules/include/opencv2/opencv.hpp:62,
                 from ../sources/main.cpp:10:
/usr/include/c++/5/iomanip:208:5: note: candidate: template<class _CharT, class _Traits> std::basic_ostream<_CharT, _Traits>& std::operator<<(std::basic_ostream<_CharT, _Traits>&, std::_Setprecision)
     operator<<(basic_ostream<_CharT, _Traits>& __os, _Setprecision __f)
     ^
/usr/include/c++/5/iomanip:208:5: note:   template argument deduction/substitution failed:
../sources/main.cpp:106:10: note:   cannot convert ‘pos’ (type ‘std::vector<unsigned int>’) to type ‘std::_Setprecision’
  cout << pos << endl;
          ^
In file included from /home/diego/softwares/opencv-3.3/build-all-modules/include/opencv2/flann/lsh_table.h:40:0,
                 from /home/diego/softwares/opencv-3.3/build-all-modules/include/opencv2/flann/lsh_index.h:49,
                 from /home/diego/softwares/opencv-3.3/build-all-modules/include/opencv2/flann/all_indices.h:42,
                 from /home/diego/softwares/opencv-3.3/build-all-modules/include/opencv2/flann/flann_base.hpp:43,
                 from /home/diego/softwares/opencv-3.3/build-all-modules/include/opencv2/flann.hpp:48,
                 from /home/diego/softwares/opencv-3.3/build-all-modules/include/opencv2/opencv.hpp:62,
                 from ../sources/main.cpp:10:
/usr/include/c++/5/iomanip:178:5: note: candidate: template<class _CharT, class _Traits> std::basic_ostream<_CharT, _Traits>& std::operator<<(std::basic_ostream<_CharT, _Traits>&, std::_Setfill<_CharT>)
     operator<<(basic_ostream<_CharT, _Traits>& __os, _Setfill<_CharT> __f)
     ^
/usr/include/c++/5/iomanip:178:5: note:   template argument deduction/substitution failed:
../sources/main.cpp:106:10: note:   ‘std::vector<unsigned int>’ is not derived from ‘std::_Setfill<_CharT>’
  cout << pos << endl;
          ^
In file included from /home/diego/softwares/opencv-3.3/build-all-modules/include/opencv2/flann/lsh_table.h:40:0,
                 from /home/diego/softwares/opencv-3.3/build-all-modules/include/opencv2/flann/lsh_index.h:49,
                 from /home/diego/softwares/opencv-3.3/build-all-modules/include/opencv2/flann/all_indices.h:42,
                 from /home/diego/softwares/opencv-3.3/build-all-modules/include/opencv2/flann/flann_base.hpp:43,
                 from /home/diego/softwares/opencv-3.3/build-all-modules/include/opencv2/flann.hpp:48,
                 from /home/diego/softwares/opencv-3.3/build-all-modules/include/opencv2/opencv.hpp:62,
                 from ../sources/main.cpp:10:
/usr/include/c++/5/iomanip:143:5: note: candidate: template<class _CharT, class _Traits> std::basic_ostream<_CharT, _Traits>& std::operator<<(std::basic_ostream<_CharT, _Traits>&, std::_Setbase)
     operator<<(basic_ostream<_CharT, _Traits>& __os, _Setbase __f)
     ^
/usr/include/c++/5/iomanip:143:5: note:   template argument deduction/substitution failed:
../sources/main.cpp:106:10: note:   cannot convert ‘pos’ (type ‘std::vector<unsigned int>’) to type ‘std::_Setbase’
  cout << pos << endl;
          ^
In file included from /home/diego/softwares/opencv-3.3/build-all-modules/include/opencv2/flann/lsh_table.h:40:0,
                 from /home/diego/softwares/opencv-3.3/build-all-modules/include/opencv2/flann/lsh_index.h:49,
                 from /home/diego/softwares/opencv-3.3/build-all-modules/include/opencv2/flann/all_indices.h:42,
                 from /home/diego/softwares/opencv-3.3/build-all-modules/include/opencv2/flann/flann_base.hpp:43,
                 from /home/diego/softwares/opencv-3.3/build-all-modules/include/opencv2/flann.hpp:48,
                 from /home/diego/softwares/opencv-3.3/build-all-modules/include/opencv2/opencv.hpp:62,
                 from ../sources/main.cpp:10:
/usr/include/c++/5/iomanip:109:5: note: candidate: template<class _CharT, class _Traits> std::basic_ostream<_CharT, _Traits>& std::operator<<(std::basic_ostream<_CharT, _Traits>&, std::_Setiosflags)
     operator<<(basic_ostream<_CharT, _Traits>& __os, _Setiosflags __f)
     ^
/usr/include/c++/5/iomanip:109:5: note:   template argument deduction/substitution failed:
../sources/main.cpp:106:10: note:   cannot convert ‘pos’ (type ‘std::vector<unsigned int>’) to type ‘std::_Setiosflags’
  cout << pos << endl;
          ^
In file included from /home/diego/softwares/opencv-3.3/build-all-modules/include/opencv2/flann/lsh_table.h:40:0,
                 from /home/diego/softwares/opencv-3.3/build-all-modules/include/opencv2/flann/lsh_index.h:49,
                 from /home/diego/softwares/opencv-3.3/build-all-modules/include/opencv2/flann/all_indices.h:42,
                 from /home/diego/softwares/opencv-3.3/build-all-modules/include/opencv2/flann/flann_base.hpp:43,
                 from /home/diego/softwares/opencv-3.3/build-all-modules/include/opencv2/flann.hpp:48,
                 from /home/diego/softwares/opencv-3.3/build-all-modules/include/opencv2/opencv.hpp:62,
                 from ../sources/main.cpp:10:
/usr/include/c++/5/iomanip:79:5: note: candidate: template<class _CharT, class _Traits> std::basic_ostream<_CharT, _Traits>& std::operator<<(std::basic_ostream<_CharT, _Traits>&, std::_Resetiosflags)
     operator<<(basic_ostream<_CharT, _Traits>& __os, _Resetiosflags __f)
     ^
/usr/include/c++/5/iomanip:79:5: note:   template argument deduction/substitution failed:
../sources/main.cpp:106:10: note:   cannot convert ‘pos’ (type ‘std::vector<unsigned int>’) to type ‘std::_Resetiosflags’
  cout << pos << endl;
          ^
In file included from /home/diego/softwares/opencv-3.3/build-all-modules/include/opencv2/core/cvstd.inl.hpp:47:0,
                 from /home/diego/softwares/opencv-3.3/build-all-modules/include/opencv2/core.hpp:3223,
                 from /home/diego/softwares/opencv-3.3/build-all-modules/include/opencv2/opencv.hpp:52,
                 from ../sources/main.cpp:10:
/usr/include/c++/5/complex:526:5: note: candidate: template<class _Tp, class _CharT, class _Traits> std::basic_ostream<_CharT, _Traits>& std::operator<<(std::basic_ostream<_CharT, _Traits>&, const std::complex<_Tp>&)
     operator<<(basic_ostream<_CharT, _Traits>& __os, const complex<_Tp>& __x)
     ^
/usr/include/c++/5/complex:526:5: note:   template argument deduction/substitution failed:
../sources/main.cpp:106:10: note:   ‘std::vector<unsigned int>’ is not derived from ‘const std::complex<_Tp>’
  cout << pos << endl;
          ^
In file included from /usr/include/c++/5/istream:39:0,
                 from /usr/include/c++/5/sstream:38,
                 from /usr/include/c++/5/complex:45,
                 from /home/diego/softwares/opencv-3.3/build-all-modules/include/opencv2/core/cvstd.inl.hpp:47,
                 from /home/diego/softwares/opencv-3.3/build-all-modules/include/opencv2/core.hpp:3223,
                 from /home/diego/softwares/opencv-3.3/build-all-modules/include/opencv2/opencv.hpp:52,
                 from ../sources/main.cpp:10:
/usr/include/c++/5/ostream:574:5: note: candidate: template<class _Traits> std::basic_ostream<char, _Traits>& std::operator<<(std::basic_ostream<char, _Traits>&, const unsigned char*)
     operator<<(basic_ostream<char, _Traits>& __out, const unsigned char* __s)
     ^
/usr/include/c++/5/ostream:574:5: note:   template argument deduction/substitution failed:
../sources/main.cpp:106:10: note:   cannot convert ‘pos’ (type ‘std::vector<unsigned int>’) to type ‘const unsigned char*’
  cout << pos << endl;
          ^
In file included from /usr/include/c++/5/istream:39:0,
                 from /usr/include/c++/5/sstream:38,
                 from /usr/include/c++/5/complex:45,
                 from /home/diego/softwares/opencv-3.3/build-all-modules/include/opencv2/core/cvstd.inl.hpp:47,
                 from /home/diego/softwares/opencv-3.3/build-all-modules/include/opencv2/core.hpp:3223,
                 from /home/diego/softwares/opencv-3.3/build-all-modules/include/opencv2/opencv.hpp:52,
                 from ../sources/main.cpp:10:
/usr/include/c++/5/ostream:569:5: note: candidate: template<class _Traits> std::basic_ostream<char, _Traits>& std::operator<<(std::basic_ostream<char, _Traits>&, const signed char*)
     operator<<(basic_ostream<char, _Traits>& __out, const signed char* __s)
     ^
/usr/include/c++/5/ostream:569:5: note:   template argument deduction/substitution failed:
../sources/main.cpp:106:10: note:   cannot convert ‘pos’ (type ‘std::vector<unsigned int>’) to type ‘const signed char*’
  cout << pos << endl;
          ^
In file included from /usr/include/c++/5/istream:39:0,
                 from /usr/include/c++/5/sstream:38,
                 from /usr/include/c++/5/complex:45,
                 from /home/diego/softwares/opencv-3.3/build-all-modules/include/opencv2/core/cvstd.inl.hpp:47,
                 from /home/diego/softwares/opencv-3.3/build-all-modules/include/opencv2/core.hpp:3223,
                 from /home/diego/softwares/opencv-3.3/build-all-modules/include/opencv2/opencv.hpp:52,
                 from ../sources/main.cpp:10:
/usr/include/c++/5/ostream:556:5: note: candidate: template<class _Traits> std::basic_ostream<char, _Traits>& std::operator<<(std::basic_ostream<char, _Traits>&, const char*)
     operator<<(basic_ostream<char, _Traits>& __out, const char* __s)
     ^
/usr/include/c++/5/ostream:556:5: note:   template argument deduction/substitution failed:
../sources/main.cpp:106:10: note:   cannot convert ‘pos’ (type ‘std::vector<unsigned int>’) to type ‘const char*’
  cout << pos << endl;
          ^
In file included from /usr/include/c++/5/ostream:638:0,
                 from /usr/include/c++/5/istream:39,
                 from /usr/include/c++/5/sstream:38,
                 from /usr/include/c++/5/complex:45,
                 from /home/diego/softwares/opencv-3.3/build-all-modules/include/opencv2/core/cvstd.inl.hpp:47,
                 from /home/diego/softwares/opencv-3.3/build-all-modules/include/opencv2/core.hpp:3223,
                 from /home/diego/softwares/opencv-3.3/build-all-modules/include/opencv2/opencv.hpp:52,
                 from ../sources/main.cpp:10:
/usr/include/c++/5/bits/ostream.tcc:321:5: note: candidate: template<class _CharT, class _Traits> std::basic_ostream<_CharT, _Traits>& std::operator<<(std::basic_ostream<_CharT, _Traits>&, const char*)
     operator<<(basic_ostream<_CharT, _Traits>& __out, const char* __s)
     ^
/usr/include/c++/5/bits/ostream.tcc:321:5: note:   template argument deduction/substitution failed:
../sources/main.cpp:106:10: note:   cannot convert ‘pos’ (type ‘std::vector<unsigned int>’) to type ‘const char*’
  cout << pos << endl;
          ^
In file included from /usr/include/c++/5/istream:39:0,
                 from /usr/include/c++/5/sstream:38,
                 from /usr/include/c++/5/complex:45,
                 from /home/diego/softwares/opencv-3.3/build-all-modules/include/opencv2/core/cvstd.inl.hpp:47,
                 from /home/diego/softwares/opencv-3.3/build-all-modules/include/opencv2/core.hpp:3223,
                 from /home/diego/softwares/opencv-3.3/build-all-modules/include/opencv2/opencv.hpp:52,
                 from ../sources/main.cpp:10:
/usr/include/c++/5/ostream:539:5: note: candidate: template<class _CharT, class _Traits> std::basic_ostream<_CharT, _Traits>& std::operator<<(std::basic_ostream<_CharT, _Traits>&, const _CharT*)
     operator<<(basic_ostream<_CharT, _Traits>& __out, const _CharT* __s)
     ^
/usr/include/c++/5/ostream:539:5: note:   template argument deduction/substitution failed:
../sources/main.cpp:106:10: note:   mismatched types ‘const _CharT*’ and ‘std::vector<unsigned int>’
  cout << pos << endl;
          ^
In file included from /usr/include/c++/5/istream:39:0,
                 from /usr/include/c++/5/sstream:38,
                 from /usr/include/c++/5/complex:45,
                 from /home/diego/softwares/opencv-3.3/build-all-modules/include/opencv2/core/cvstd.inl.hpp:47,
                 from /home/diego/softwares/opencv-3.3/build-all-modules/include/opencv2/core.hpp:3223,
                 from /home/diego/softwares/opencv-3.3/build-all-modules/include/opencv2/opencv.hpp:52,
                 from ../sources/main.cpp:10:
/usr/include/c++/5/ostream:519:5: note: candidate: template<class _Traits> std::basic_ostream<char, _Traits>& std::operator<<(std::basic_ostream<char, _Traits>&, unsigned char)
     operator<<(basic_ostream<char, _Traits>& __out, unsigned char __c)
     ^
/usr/include/c++/5/ostream:519:5: note:   template argument deduction/substitution failed:
../sources/main.cpp:106:10: note:   cannot convert ‘pos’ (type ‘std::vector<unsigned int>’) to type ‘unsigned char’
  cout << pos << endl;
          ^
In file included from /usr/include/c++/5/istream:39:0,
                 from /usr/include/c++/5/sstream:38,
                 from /usr/include/c++/5/complex:45,
                 from /home/diego/softwares/opencv-3.3/build-all-modules/include/opencv2/core/cvstd.inl.hpp:47,
                 from /home/diego/softwares/opencv-3.3/build-all-modules/include/opencv2/core.hpp:3223,
                 from /home/diego/softwares/opencv-3.3/build-all-modules/include/opencv2/opencv.hpp:52,
                 from ../sources/main.cpp:10:
/usr/include/c++/5/ostream:514:5: note: candidate: template<class _Traits> std::basic_ostream<char, _Traits>& std::operator<<(std::basic_ostream<char, _Traits>&, signed char)
     operator<<(basic_ostream<char, _Traits>& __out, signed char __c)
     ^
/usr/include/c++/5/ostream:514:5: note:   template argument deduction/substitution failed:
../sources/main.cpp:106:10: note:   cannot convert ‘pos’ (type ‘std::vector<unsigned int>’) to type ‘signed char’
  cout << pos << endl;
          ^
In file included from /usr/include/c++/5/istream:39:0,
                 from /usr/include/c++/5/sstream:38,
                 from /usr/include/c++/5/complex:45,
                 from /home/diego/softwares/opencv-3.3/build-all-modules/include/opencv2/core/cvstd.inl.hpp:47,
                 from /home/diego/softwares/opencv-3.3/build-all-modules/include/opencv2/core.hpp:3223,
                 from /home/diego/softwares/opencv-3.3/build-all-modules/include/opencv2/opencv.hpp:52,
                 from ../sources/main.cpp:10:
/usr/include/c++/5/ostream:508:5: note: candidate: template<class _Traits> std::basic_ostream<char, _Traits>& std::operator<<(std::basic_ostream<char, _Traits>&, char)
     operator<<(basic_ostream<char, _Traits>& __out, char __c)
     ^
/usr/include/c++/5/ostream:508:5: note:   template argument deduction/substitution failed:
../sources/main.cpp:106:10: note:   cannot convert ‘pos’ (type ‘std::vector<unsigned int>’) to type ‘char’
  cout << pos << endl;
          ^
In file included from /usr/include/c++/5/istream:39:0,
                 from /usr/include/c++/5/sstream:38,
                 from /usr/include/c++/5/complex:45,
                 from /home/diego/softwares/opencv-3.3/build-all-modules/include/opencv2/core/cvstd.inl.hpp:47,
                 from /home/diego/softwares/opencv-3.3/build-all-modules/include/opencv2/core.hpp:3223,
                 from /home/diego/softwares/opencv-3.3/build-all-modules/include/opencv2/opencv.hpp:52,
                 from ../sources/main.cpp:10:
/usr/include/c++/5/ostream:502:5: note: candidate: template<class _CharT, class _Traits> std::basic_ostream<_CharT, _Traits>& std::operator<<(std::basic_ostream<_CharT, _Traits>&, char)
     operator<<(basic_ostream<_CharT, _Traits>& __out, char __c)
     ^
/usr/include/c++/5/ostream:502:5: note:   template argument deduction/substitution failed:
../sources/main.cpp:106:10: note:   cannot convert ‘pos’ (type ‘std::vector<unsigned int>’) to type ‘char’
  cout << pos << endl;
          ^
In file included from /usr/include/c++/5/istream:39:0,
                 from /usr/include/c++/5/sstream:38,
                 from /usr/include/c++/5/complex:45,
                 from /home/diego/softwares/opencv-3.3/build-all-modules/include/opencv2/core/cvstd.inl.hpp:47,
                 from /home/diego/softwares/opencv-3.3/build-all-modules/include/opencv2/core.hpp:3223,
                 from /home/diego/softwares/opencv-3.3/build-all-modules/include/opencv2/opencv.hpp:52,
                 from ../sources/main.cpp:10:
/usr/include/c++/5/ostream:497:5: note: candidate: template<class _CharT, class _Traits> std::basic_ostream<_CharT, _Traits>& std::operator<<(std::basic_ostream<_CharT, _Traits>&, _CharT)
     operator<<(basic_ostream<_CharT, _Traits>& __out, _CharT __c)
     ^
/usr/include/c++/5/ostream:497:5: note:   template argument deduction/substitution failed:
../sources/main.cpp:106:10: note:   deduced conflicting types for parameter ‘_CharT’ (‘char’ and ‘std::vector<unsigned int>’)
  cout << pos << endl;
          ^
In file included from /usr/include/c++/5/string:52:0,
                 from /home/diego/softwares/opencv-3.3/build-all-modules/include/opencv2/core/cvstd.hpp:56,
                 from /home/diego/softwares/opencv-3.3/build-all-modules/include/opencv2/core/base.hpp:58,
                 from /home/diego/softwares/opencv-3.3/build-all-modules/include/opencv2/core.hpp:54,
                 from /home/diego/softwares/opencv-3.3/build-all-modules/include/opencv2/opencv.hpp:52,
                 from ../sources/main.cpp:10:
/usr/include/c++/5/bits/basic_string.h:5172:5: note: candidate: template<class _CharT, class _Traits, class _Alloc> std::basic_ostream<_CharT, _Traits>& std::operator<<(std::basic_ostream<_CharT, _Traits>&, const std::__cxx11::basic_string<_CharT, _Traits, _Alloc>&)
     operator<<(basic_ostream<_CharT, _Traits>& __os,
     ^
/usr/include/c++/5/bits/basic_string.h:5172:5: note:   template argument deduction/substitution failed:
../sources/main.cpp:106:10: note:   ‘std::vector<unsigned int>’ is not derived from ‘const std::__cxx11::basic_string<_CharT, _Traits, _Alloc>’
  cout << pos << endl;
          ^
../sources/main.cpp:109:6: warning: unused variable ‘readframes_code’ [-Wunused-variable]
  int readframes_code = readFramesSave(argv[1], atoi(argv[2]), pos);
      ^
make: *** [sources/main.o] Error 1
sources/subdir.mk:18: recipe for target 'sources/main.o' failed
14:28:44 **** Incremental Build of configuration Debug for project SplitVideo&Reconstruct ****
make all 
Building file: ../sources/main.cpp
Invoking: Cross G++ Compiler
g++ -I/home/diego/softwares/opencv-3.3/build-all-modules/include -I/home/diego/softwares/eigen3.3 -O0 -g3 -Wall -c -fmessage-length=0 -MMD -MP -MF"sources/main.d" -MT"sources/main.o" -o "sources/main.o" "../sources/main.cpp"
../sources/main.cpp: In function ‘int main(int, char**)’:
../sources/main.cpp:111:6: warning: unused variable ‘readframes_code’ [-Wunused-variable]
  int readframes_code = readFramesSave(argv[1], atoi(argv[2]), pos);
      ^
Finished building: ../sources/main.cpp
 
Building target: SplitVideo&Reconstruct
Invoking: Cross G++ Linker
g++ -L/home/diego/softwares/opencv-3.3/build-all-modules/lib -o "SplitVideo&Reconstruct"  ./sources/main.o   -lopencv_core -lopencv_viz -lopencv_sfm -lopencv_imgproc -lopencv_highgui -lopencv_imgcodecs -lopencv_videoio -lopencv_xfeatures2d -lopencv_features2d
Finished building target: SplitVideo&Reconstruct
 
14:29:42 **** Incremental Build of configuration Debug for project SplitVideo&Reconstruct ****
make all 
Building file: ../sources/main.cpp
Invoking: Cross G++ Compiler
g++ -I/home/diego/softwares/opencv-3.3/build-all-modules/include -I/home/diego/softwares/eigen3.3 -O0 -g3 -Wall -c -fmessage-length=0 -MMD -MP -MF"sources/main.d" -MT"sources/main.o" -o "sources/main.o" "../sources/main.cpp"
../sources/main.cpp: In function ‘int main(int, char**)’:
../sources/main.cpp:111:6: warning: unused variable ‘readframes_code’ [-Wunused-variable]
  int readframes_code = readFramesSave(argv[1], atoi(argv[2]), pos);
      ^
Finished building: ../sources/main.cpp
 
Building target: SplitVideo&Reconstruct
Invoking: Cross G++ Linker
g++ -L/home/diego/softwares/opencv-3.3/build-all-modules/lib -o "SplitVideo&Reconstruct"  ./sources/main.o   -lopencv_core -lopencv_viz -lopencv_sfm -lopencv_imgproc -lopencv_highgui -lopencv_imgcodecs -lopencv_videoio -lopencv_xfeatures2d -lopencv_features2d
Finished building target: SplitVideo&Reconstruct
 
14:30:49 **** Incremental Build of configuration Debug for project SplitVideo&Reconstruct ****
make all 
Building file: ../sources/main.cpp
Invoking: Cross G++ Compiler
g++ -I/home/diego/softwares/opencv-3.3/build-all-modules/include -I/home/diego/softwares/eigen3.3 -O0 -g3 -Wall -c -fmessage-length=0 -MMD -MP -MF"sources/main.d" -MT"sources/main.o" -o "sources/main.o" "../sources/main.cpp"
../sources/main.cpp: In function ‘int main(int, char**)’:
../sources/main.cpp:107:6: warning: unused variable ‘readframes_code’ [-Wunused-variable]
  int readframes_code = readFramesSave(argv[1], atoi(argv[2]), pos);
      ^
Finished building: ../sources/main.cpp
 
Building target: SplitVideo&Reconstruct
Invoking: Cross G++ Linker
g++ -L/home/diego/softwares/opencv-3.3/build-all-modules/lib -o "SplitVideo&Reconstruct"  ./sources/main.o   -lopencv_core -lopencv_viz -lopencv_sfm -lopencv_imgproc -lopencv_highgui -lopencv_imgcodecs -lopencv_videoio -lopencv_xfeatures2d -lopencv_features2d
Finished building target: SplitVideo&Reconstruct
 
14:31:55 **** Incremental Build of configuration Debug for project SplitVideo&Reconstruct ****
make all 
Building file: ../sources/main.cpp
Invoking: Cross G++ Compiler
g++ -I/home/diego/softwares/opencv-3.3/build-all-modules/include -I/home/diego/softwares/eigen3.3 -O0 -g3 -Wall -c -fmessage-length=0 -MMD -MP -MF"sources/main.d" -MT"sources/main.o" -o "sources/main.o" "../sources/main.cpp"
../sources/main.cpp: In function ‘int main(int, char**)’:
../sources/main.cpp:111:6: warning: unused variable ‘readframes_code’ [-Wunused-variable]
  int readframes_code = readFramesSave(argv[1], atoi(argv[2]), pos);
      ^
Finished building: ../sources/main.cpp
 
Building target: SplitVideo&Reconstruct
Invoking: Cross G++ Linker
g++ -L/home/diego/softwares/opencv-3.3/build-all-modules/lib -o "SplitVideo&Reconstruct"  ./sources/main.o   -lopencv_core -lopencv_viz -lopencv_sfm -lopencv_imgproc -lopencv_highgui -lopencv_imgcodecs -lopencv_videoio -lopencv_xfeatures2d -lopencv_features2d
Finished building target: SplitVideo&Reconstruct
 
14:32:26 **** Incremental Build of configuration Debug for project SplitVideo&Reconstruct ****
make all 
Building file: ../sources/main.cpp
Invoking: Cross G++ Compiler
g++ -I/home/diego/softwares/opencv-3.3/build-all-modules/include -I/home/diego/softwares/eigen3.3 -O0 -g3 -Wall -c -fmessage-length=0 -MMD -MP -MF"sources/main.d" -MT"sources/main.o" -o "sources/main.o" "../sources/main.cpp"
../sources/main.cpp: In function ‘int main(int, char**)’:
../sources/main.cpp:111:6: warning: unused variable ‘readframes_code’ [-Wunused-variable]
  int readframes_code = readFramesSave(argv[1], atoi(argv[2]), pos);
      ^
Finished building: ../sources/main.cpp
 
Building target: SplitVideo&Reconstruct
Invoking: Cross G++ Linker
g++ -L/home/diego/softwares/opencv-3.3/build-all-modules/lib -o "SplitVideo&Reconstruct"  ./sources/main.o   -lopencv_core -lopencv_viz -lopencv_sfm -lopencv_imgproc -lopencv_highgui -lopencv_imgcodecs -lopencv_videoio -lopencv_xfeatures2d -lopencv_features2d
Finished building target: SplitVideo&Reconstruct
 
14:34:07 **** Incremental Build of configuration Debug for project SplitVideo&Reconstruct ****
make all 
Building file: ../sources/main.cpp
Invoking: Cross G++ Compiler
g++ -I/home/diego/softwares/opencv-3.3/build-all-modules/include -I/home/diego/softwares/eigen3.3 -O0 -g3 -Wall -c -fmessage-length=0 -MMD -MP -MF"sources/main.d" -MT"sources/main.o" -o "sources/main.o" "../sources/main.cpp"
../sources/main.cpp: In function ‘int readFramesSave(cv::String, unsigned int, std::vector<unsigned int>)’:
../sources/main.cpp:70:4: error: ‘cou’ was not declared in this scope
    cou << "r = " << static_cast<unsigned int>(frame_index/stride) <<endl;
    ^
../sources/main.cpp: In function ‘int main(int, char**)’:
../sources/main.cpp:109:6: warning: unused variable ‘readframes_code’ [-Wunused-variable]
  int readframes_code = readFramesSave(argv[1], atoi(argv[2]), pos);
      ^
sources/subdir.mk:18: recipe for target 'sources/main.o' failed
make: *** [sources/main.o] Error 1
14:34:22 **** Incremental Build of configuration Debug for project SplitVideo&Reconstruct ****
make all 
Building file: ../sources/main.cpp
Invoking: Cross G++ Compiler
g++ -I/home/diego/softwares/opencv-3.3/build-all-modules/include -I/home/diego/softwares/eigen3.3 -O0 -g3 -Wall -c -fmessage-length=0 -MMD -MP -MF"sources/main.d" -MT"sources/main.o" -o "sources/main.o" "../sources/main.cpp"
../sources/main.cpp: In function ‘int main(int, char**)’:
../sources/main.cpp:109:6: warning: unused variable ‘readframes_code’ [-Wunused-variable]
  int readframes_code = readFramesSave(argv[1], atoi(argv[2]), pos);
      ^
Finished building: ../sources/main.cpp
 
Building target: SplitVideo&Reconstruct
Invoking: Cross G++ Linker
g++ -L/home/diego/softwares/opencv-3.3/build-all-modules/lib -o "SplitVideo&Reconstruct"  ./sources/main.o   -lopencv_core -lopencv_viz -lopencv_sfm -lopencv_imgproc -lopencv_highgui -lopencv_imgcodecs -lopencv_videoio -lopencv_xfeatures2d -lopencv_features2d
Finished building target: SplitVideo&Reconstruct
 
14:36:40 **** Incremental Build of configuration Debug for project SplitVideo&Reconstruct ****
make all 
Building file: ../sources/main.cpp
Invoking: Cross G++ Compiler
g++ -I/home/diego/softwares/opencv-3.3/build-all-modules/include -I/home/diego/softwares/eigen3.3 -O0 -g3 -Wall -c -fmessage-length=0 -MMD -MP -MF"sources/main.d" -MT"sources/main.o" -o "sources/main.o" "../sources/main.cpp"
../sources/main.cpp: In function ‘int main(int, char**)’:
../sources/main.cpp:110:6: warning: unused variable ‘readframes_code’ [-Wunused-variable]
  int readframes_code = readFramesSave(argv[1], atoi(argv[2]), pos);
      ^
Finished building: ../sources/main.cpp
 
Building target: SplitVideo&Reconstruct
Invoking: Cross G++ Linker
g++ -L/home/diego/softwares/opencv-3.3/build-all-modules/lib -o "SplitVideo&Reconstruct"  ./sources/main.o   -lopencv_core -lopencv_viz -lopencv_sfm -lopencv_imgproc -lopencv_highgui -lopencv_imgcodecs -lopencv_videoio -lopencv_xfeatures2d -lopencv_features2d
Finished building target: SplitVideo&Reconstruct
 
14:37:32 **** Incremental Build of configuration Debug for project SplitVideo&Reconstruct ****
make all 
Building file: ../sources/main.cpp
Invoking: Cross G++ Compiler
g++ -I/home/diego/softwares/opencv-3.3/build-all-modules/include -I/home/diego/softwares/eigen3.3 -O0 -g3 -Wall -c -fmessage-length=0 -MMD -MP -MF"sources/main.d" -MT"sources/main.o" -o "sources/main.o" "../sources/main.cpp"
../sources/main.cpp: In function ‘int main(int, char**)’:
../sources/main.cpp:110:6: warning: unused variable ‘readframes_code’ [-Wunused-variable]
  int readframes_code = readFramesSave(argv[1], atoi(argv[2]), pos);
      ^
Finished building: ../sources/main.cpp
 
Building target: SplitVideo&Reconstruct
Invoking: Cross G++ Linker
g++ -L/home/diego/softwares/opencv-3.3/build-all-modules/lib -o "SplitVideo&Reconstruct"  ./sources/main.o   -lopencv_core -lopencv_viz -lopencv_sfm -lopencv_imgproc -lopencv_highgui -lopencv_imgcodecs -lopencv_videoio -lopencv_xfeatures2d -lopencv_features2d
Finished building target: SplitVideo&Reconstruct
 
14:38:53 **** Incremental Build of configuration Debug for project SplitVideo&Reconstruct ****
make all 
Building file: ../sources/main.cpp
Invoking: Cross G++ Compiler
g++ -I/home/diego/softwares/opencv-3.3/build-all-modules/include -I/home/diego/softwares/eigen3.3 -O0 -g3 -Wall -c -fmessage-length=0 -MMD -MP -MF"sources/main.d" -MT"sources/main.o" -o "sources/main.o" "../sources/main.cpp"
../sources/main.cpp: In function ‘int main(int, char**)’:
../sources/main.cpp:111:6: warning: unused variable ‘readframes_code’ [-Wunused-variable]
  int readframes_code = readFramesSave(argv[1], atoi(argv[2]), pos);
      ^
Finished building: ../sources/main.cpp
 
Building target: SplitVideo&Reconstruct
Invoking: Cross G++ Linker
g++ -L/home/diego/softwares/opencv-3.3/build-all-modules/lib -o "SplitVideo&Reconstruct"  ./sources/main.o   -lopencv_core -lopencv_viz -lopencv_sfm -lopencv_imgproc -lopencv_highgui -lopencv_imgcodecs -lopencv_videoio -lopencv_xfeatures2d -lopencv_features2d
Finished building target: SplitVideo&Reconstruct
 
14:40:31 **** Incremental Build of configuration Debug for project SplitVideo&Reconstruct ****
make all 
Building file: ../sources/main.cpp
Invoking: Cross G++ Compiler
g++ -I/home/diego/softwares/opencv-3.3/build-all-modules/include -I/home/diego/softwares/eigen3.3 -O0 -g3 -Wall -c -fmessage-length=0 -MMD -MP -MF"sources/main.d" -MT"sources/main.o" -o "sources/main.o" "../sources/main.cpp"
../sources/main.cpp: In function ‘int main(int, char**)’:
../sources/main.cpp:110:6: warning: unused variable ‘readframes_code’ [-Wunused-variable]
  int readframes_code = readFramesSave(argv[1], atoi(argv[2]), pos);
      ^
Finished building: ../sources/main.cpp
 
Building target: SplitVideo&Reconstruct
Invoking: Cross G++ Linker
g++ -L/home/diego/softwares/opencv-3.3/build-all-modules/lib -o "SplitVideo&Reconstruct"  ./sources/main.o   -lopencv_core -lopencv_viz -lopencv_sfm -lopencv_imgproc -lopencv_highgui -lopencv_imgcodecs -lopencv_videoio -lopencv_xfeatures2d -lopencv_features2d
Finished building target: SplitVideo&Reconstruct
 
14:40:54 **** Incremental Build of configuration Debug for project SplitVideo&Reconstruct ****
make all 
Building file: ../sources/main.cpp
Invoking: Cross G++ Compiler
g++ -I/home/diego/softwares/opencv-3.3/build-all-modules/include -I/home/diego/softwares/eigen3.3 -O0 -g3 -Wall -c -fmessage-length=0 -MMD -MP -MF"sources/main.d" -MT"sources/main.o" -o "sources/main.o" "../sources/main.cpp"
../sources/main.cpp: In function ‘int main(int, char**)’:
../sources/main.cpp:108:6: warning: unused variable ‘readframes_code’ [-Wunused-variable]
  int readframes_code = readFramesSave(argv[1], atoi(argv[2]), pos);
      ^
Finished building: ../sources/main.cpp
 
Building target: SplitVideo&Reconstruct
Invoking: Cross G++ Linker
g++ -L/home/diego/softwares/opencv-3.3/build-all-modules/lib -o "SplitVideo&Reconstruct"  ./sources/main.o   -lopencv_core -lopencv_viz -lopencv_sfm -lopencv_imgproc -lopencv_highgui -lopencv_imgcodecs -lopencv_videoio -lopencv_xfeatures2d -lopencv_features2d
Finished building target: SplitVideo&Reconstruct
 
14:49:27 **** Incremental Build of configuration Release for project Reconstruct ****
make all 
make: Nothing to be done for 'all'.
14:54:46 **** Incremental Build of configuration Debug for project SplitVideo&Reconstruct ****
make all 
Building file: ../sources/main.cpp
Invoking: Cross G++ Compiler
g++ -I/home/diego/softwares/opencv-3.3/build-all-modules/include -I/home/diego/softwares/eigen3.3 -O0 -g3 -Wall -c -fmessage-length=0 -MMD -MP -MF"sources/main.d" -MT"sources/main.o" -o "sources/main.o" "../sources/main.cpp"
../sources/main.cpp: In function ‘int main(int, char**)’:
../sources/main.cpp:132:75: error: in C++98 ‘images_paths’ must be initialized by constructor, not by ‘{...}’
  vector<String> images_paths = {"./1.jpg", "./2.jpg", "./3.jpg", "./4.jpg"};
                                                                           ^
../sources/main.cpp:132:75: error: could not convert ‘{"./1.jpg", "./2.jpg", "./3.jpg", "./4.jpg"}’ from ‘<brace-enclosed initializer list>’ to ‘std::vector<cv::String>’
../sources/main.cpp:161:20: warning: comparison between signed and unsigned integer expressions [-Wsign-compare]
  for (int i = 0; i < points3d_estimated.size(); ++i)
                    ^
../sources/main.cpp:123:6: warning: unused variable ‘readframes_code’ [-Wunused-variable]
  int readframes_code = readFramesSave(argv[1], atoi(argv[2]), pos);
      ^
sources/subdir.mk:18: recipe for target 'sources/main.o' failed
make: *** [sources/main.o] Error 1
14:55:32 **** Incremental Build of configuration Debug for project SplitVideo&Reconstruct ****
make all 
Building file: ../sources/main.cpp
Invoking: Cross G++ Compiler
g++ -I/home/diego/softwares/opencv-3.3/build-all-modules/include -I/home/diego/softwares/eigen3.3 -O0 -g3 -Wall -c -fmessage-length=0 -MMD -MP -MF"sources/main.d" -MT"sources/main.o" -o "sources/main.o" "../sources/main.cpp"
../sources/main.cpp: In function ‘int main(int, char**)’:
../sources/main.cpp:132:75: error: in C++98 ‘images_paths’ must be initialized by constructor, not by ‘{...}’
  vector<string> images_paths = {"./1.jpg", "./2.jpg", "./3.jpg", "./4.jpg"};
                                                                           ^
../sources/main.cpp:132:75: error: could not convert ‘{"./1.jpg", "./2.jpg", "./3.jpg", "./4.jpg"}’ from ‘<brace-enclosed initializer list>’ to ‘std::vector<std::__cxx11::basic_string<char> >’
../sources/main.cpp:161:20: warning: comparison between signed and unsigned integer expressions [-Wsign-compare]
  for (int i = 0; i < points3d_estimated.size(); ++i)
                    ^
../sources/main.cpp:123:6: warning: unused variable ‘readframes_code’ [-Wunused-variable]
  int readframes_code = readFramesSave(argv[1], atoi(argv[2]), pos);
      ^
sources/subdir.mk:18: recipe for target 'sources/main.o' failed
make: *** [sources/main.o] Error 1
14:56:46 **** Incremental Build of configuration Debug for project SplitVideo&Reconstruct ****
make all 
Building file: ../sources/main.cpp
Invoking: Cross G++ Compiler
g++ -I/home/diego/softwares/opencv-3.3/build-all-modules/include -I/home/diego/softwares/eigen3.3 -O0 -g3 -Wall -c -fmessage-length=0 -MMD -MP -MF"sources/main.d" -MT"sources/main.o" -o "sources/main.o" "../sources/main.cpp"
../sources/main.cpp: In function ‘int main(int, char**)’:
../sources/main.cpp:136:29: error: expected ‘;’ before ‘}’ token
  images_paths[3] = "./4.jpg"};
                             ^
../sources/main.cpp:123:6: warning: unused variable ‘readframes_code’ [-Wunused-variable]
  int readframes_code = readFramesSave(argv[1], atoi(argv[2]), pos);
      ^
../sources/main.cpp: At global scope:
../sources/main.cpp:138:18: error: ‘argv’ was not declared in this scope
  float f  = atof(argv[3]),
                  ^
../sources/main.cpp:140:29: error: ‘cx’ was not declared in this scope
  Matx33d K = Matx33d( f, 0, cx,
                             ^
../sources/main.cpp:141:15: error: ‘cy’ was not declared in this scope
         0, f, cy,
               ^
../sources/main.cpp:147:13: error: expected constructor, destructor, or type conversion before ‘(’ token
  reconstruct(images_paths, Rs_est, ts_est, K, points3d_estimated, is_projective);
             ^
../sources/main.cpp:149:2: error: ‘cout’ does not name a type
  cout << "\n----------------------------\n" << endl;
  ^
../sources/main.cpp:150:2: error: ‘cout’ does not name a type
  cout << "Reconstruction: " << endl;
  ^
../sources/main.cpp:151:2: error: ‘cout’ does not name a type
  cout << "============================" << endl;
  ^
../sources/main.cpp:152:2: error: ‘cout’ does not name a type
  cout << "Estimated 3D points: " << points3d_estimated.size() << endl;
  ^
../sources/main.cpp:153:2: error: ‘cout’ does not name a type
  cout << "Estimated cameras: " << Rs_est.size() << endl;
  ^
../sources/main.cpp:154:2: error: ‘cout’ does not name a type
  cout << "Refined intrinsics: " << endl << K << endl << endl;
  ^
../sources/main.cpp:155:2: error: ‘cout’ does not name a type
  cout << "3D Visualization: " << endl;
  ^
../sources/main.cpp:156:2: error: ‘cout’ does not name a type
  cout << "============================" << endl;
  ^
../sources/main.cpp:158:5: error: ‘window’ does not name a type
     window.setWindowSize(Size(500,500));
     ^
../sources/main.cpp:159:5: error: ‘window’ does not name a type
     window.setWindowPosition(Point(150,150));
     ^
../sources/main.cpp:160:5: error: ‘window’ does not name a type
     window.setBackgroundColor(); // black by default
     ^
../sources/main.cpp:162:2: error: ‘cout’ does not name a type
  cout << "Recovering points  ... ";
  ^
../sources/main.cpp:165:2: error: expected unqualified-id before ‘for’
  for (int i = 0; i < points3d_estimated.size(); ++i)
  ^
../sources/main.cpp:165:18: error: ‘i’ does not name a type
  for (int i = 0; i < points3d_estimated.size(); ++i)
                  ^
../sources/main.cpp:165:49: error: expected unqualified-id before ‘++’ token
  for (int i = 0; i < points3d_estimated.size(); ++i)
                                                 ^
../sources/main.cpp:167:2: error: ‘cout’ does not name a type
  cout << "[DONE]" << endl;
  ^
../sources/main.cpp:168:2: error: ‘cout’ does not name a type
  cout << "Recovering cameras ... ";
  ^
../sources/main.cpp:170:2: error: expected unqualified-id before ‘for’
  for (size_t i = 0; i < Rs_est.size(); ++i)
  ^
../sources/main.cpp:170:21: error: ‘i’ does not name a type
  for (size_t i = 0; i < Rs_est.size(); ++i)
                     ^
../sources/main.cpp:170:40: error: expected unqualified-id before ‘++’ token
  for (size_t i = 0; i < Rs_est.size(); ++i)
                                        ^
../sources/main.cpp:172:2: error: ‘cout’ does not name a type
  cout << "[DONE]" << endl;
  ^
../sources/main.cpp:173:2: error: expected unqualified-id before ‘if’
  if ( point_cloud_est.size() > 0 )
  ^
../sources/main.cpp:180:2: error: expected unqualified-id before ‘else’
  else
  ^
../sources/main.cpp:184:2: error: expected unqualified-id before ‘if’
  if ( path.size() > 0 )
  ^
../sources/main.cpp:192:2: error: expected unqualified-id before ‘else’
  else
  ^
../sources/main.cpp:196:2: error: ‘cout’ does not name a type
  cout << endl << "Press 'q' to close each windows ... " << endl;
  ^
../sources/main.cpp:197:2: error: ‘window’ does not name a type
  window.spin();
  ^
../sources/main.cpp:198:2: error: expected unqualified-id before ‘return’
  return 0;
  ^
../sources/main.cpp:200:1: error: expected declaration before ‘}’ token
 }
 ^
sources/subdir.mk:18: recipe for target 'sources/main.o' failed
make: *** [sources/main.o] Error 1
14:56:51 **** Incremental Build of configuration Debug for project SplitVideo&Reconstruct ****
make all 
Building file: ../sources/main.cpp
Invoking: Cross G++ Compiler
g++ -I/home/diego/softwares/opencv-3.3/build-all-modules/include -I/home/diego/softwares/eigen3.3 -O0 -g3 -Wall -c -fmessage-length=0 -MMD -MP -MF"sources/main.d" -MT"sources/main.o" -o "sources/main.o" "../sources/main.cpp"
../sources/main.cpp:136:20: warning: missing terminating " character
  images_paths[3] = "./4.jpg};
                    ^
../sources/main.cpp:136:2: error: missing terminating " character
  images_paths[3] = "./4.jpg};
  ^
../sources/main.cpp: In function ‘int main(int, char**)’:
../sources/main.cpp:138:2: error: expected primary-expression before ‘float’
  float f  = atof(argv[3]),
  ^
../sources/main.cpp:140:23: error: ‘f’ was not declared in this scope
  Matx33d K = Matx33d( f, 0, cx,
                       ^
../sources/main.cpp:140:29: error: ‘cx’ was not declared in this scope
  Matx33d K = Matx33d( f, 0, cx,
                             ^
../sources/main.cpp:141:15: error: ‘cy’ was not declared in this scope
         0, f, cy,
               ^
../sources/main.cpp:165:20: warning: comparison between signed and unsigned integer expressions [-Wsign-compare]
  for (int i = 0; i < points3d_estimated.size(); ++i)
                    ^
../sources/main.cpp:123:6: warning: unused variable ‘readframes_code’ [-Wunused-variable]
  int readframes_code = readFramesSave(argv[1], atoi(argv[2]), pos);
      ^
sources/subdir.mk:18: recipe for target 'sources/main.o' failed
make: *** [sources/main.o] Error 1
14:56:56 **** Incremental Build of configuration Debug for project SplitVideo&Reconstruct ****
make all 
Building file: ../sources/main.cpp
Invoking: Cross G++ Compiler
g++ -I/home/diego/softwares/opencv-3.3/build-all-modules/include -I/home/diego/softwares/eigen3.3 -O0 -g3 -Wall -c -fmessage-length=0 -MMD -MP -MF"sources/main.d" -MT"sources/main.o" -o "sources/main.o" "../sources/main.cpp"
../sources/main.cpp: In function ‘int main(int, char**)’:
../sources/main.cpp:165:20: warning: comparison between signed and unsigned integer expressions [-Wsign-compare]
  for (int i = 0; i < points3d_estimated.size(); ++i)
                    ^
../sources/main.cpp:123:6: warning: unused variable ‘readframes_code’ [-Wunused-variable]
  int readframes_code = readFramesSave(argv[1], atoi(argv[2]), pos);
      ^
Finished building: ../sources/main.cpp
 
Building target: SplitVideo&Reconstruct
Invoking: Cross G++ Linker
g++ -L/home/diego/softwares/opencv-3.3/build-all-modules/lib -o "SplitVideo&Reconstruct"  ./sources/main.o   -lopencv_core -lopencv_viz -lopencv_sfm -lopencv_imgproc -lopencv_highgui -lopencv_imgcodecs -lopencv_videoio -lopencv_xfeatures2d -lopencv_features2d
Finished building target: SplitVideo&Reconstruct
 
14:57:06 **** Incremental Build of configuration Debug for project SplitVideo&Reconstruct ****
make all 
Building file: ../sources/main.cpp
Invoking: Cross G++ Compiler
g++ -I/home/diego/softwares/opencv-3.3/build-all-modules/include -I/home/diego/softwares/eigen3.3 -O0 -g3 -Wall -c -fmessage-length=0 -MMD -MP -MF"sources/main.d" -MT"sources/main.o" -o "sources/main.o" "../sources/main.cpp"
../sources/main.cpp: In function ‘int main(int, char**)’:
../sources/main.cpp:165:20: warning: comparison between signed and unsigned integer expressions [-Wsign-compare]
  for (int i = 0; i < points3d_estimated.size(); ++i)
                    ^
../sources/main.cpp:123:6: warning: unused variable ‘readframes_code’ [-Wunused-variable]
  int readframes_code = readFramesSave(argv[1], atoi(argv[2]), pos);
      ^
Finished building: ../sources/main.cpp
 
Building target: SplitVideo&Reconstruct
Invoking: Cross G++ Linker
g++ -L/home/diego/softwares/opencv-3.3/build-all-modules/lib -o "SplitVideo&Reconstruct"  ./sources/main.o   -lopencv_core -lopencv_viz -lopencv_sfm -lopencv_imgproc -lopencv_highgui -lopencv_imgcodecs -lopencv_videoio -lopencv_xfeatures2d -lopencv_features2d
Finished building target: SplitVideo&Reconstruct
 
14:59:30 **** Incremental Build of configuration Debug for project SplitVideo&Reconstruct ****
make all 
Building file: ../sources/main.cpp
Invoking: Cross G++ Compiler
g++ -I/home/diego/softwares/opencv-3.3/build-all-modules/include -I/home/diego/softwares/eigen3.3 -O0 -g3 -Wall -c -fmessage-length=0 -MMD -MP -MF"sources/main.d" -MT"sources/main.o" -o "sources/main.o" "../sources/main.cpp"
../sources/main.cpp: In function ‘int main(int, char**)’:
../sources/main.cpp:165:20: warning: comparison between signed and unsigned integer expressions [-Wsign-compare]
  for (int i = 0; i < points3d_estimated.size(); ++i)
                    ^
../sources/main.cpp:123:6: warning: unused variable ‘readframes_code’ [-Wunused-variable]
  int readframes_code = readFramesSave(argv[1], atoi(argv[2]), pos);
      ^
Finished building: ../sources/main.cpp
 
Building target: SplitVideo&Reconstruct
Invoking: Cross G++ Linker
g++ -L/home/diego/softwares/opencv-3.3/build-all-modules/lib -o "SplitVideo&Reconstruct"  ./sources/main.o   -lopencv_core -lopencv_viz -lopencv_sfm -lopencv_imgproc -lopencv_highgui -lopencv_imgcodecs -lopencv_videoio -lopencv_xfeatures2d -lopencv_features2d
Finished building target: SplitVideo&Reconstruct
 
15:10:17 **** Incremental Build of configuration Debug for project SplitVideo&Reconstruct ****
make all 
Building file: ../sources/main.cpp
Invoking: Cross G++ Compiler
g++ -I/home/diego/softwares/opencv-3.3/build-all-modules/include -I/home/diego/softwares/eigen3.3 -O0 -g3 -Wall -c -fmessage-length=0 -MMD -MP -MF"sources/main.d" -MT"sources/main.o" -o "sources/main.o" "../sources/main.cpp"
../sources/main.cpp: In function ‘int main(int, char**)’:
../sources/main.cpp:167:20: warning: comparison between signed and unsigned integer expressions [-Wsign-compare]
  for (int i = 0; i < points3d_estimated.size(); ++i)
                    ^
../sources/main.cpp:125:6: warning: unused variable ‘readframes_code’ [-Wunused-variable]
  int readframes_code = readFramesSave(argv[1], atoi(argv[2]), pos);
      ^
Finished building: ../sources/main.cpp
 
Building target: SplitVideo&Reconstruct
Invoking: Cross G++ Linker
g++ -L/home/diego/softwares/opencv-3.3/build-all-modules/lib -o "SplitVideo&Reconstruct"  ./sources/main.o   -lopencv_core -lopencv_viz -lopencv_sfm -lopencv_imgproc -lopencv_highgui -lopencv_imgcodecs -lopencv_videoio -lopencv_xfeatures2d -lopencv_features2d
Finished building target: SplitVideo&Reconstruct
 
